This is pdfTeX, Version 3.14159265-2.6-1.40.16 (TeX Live 2015/Debian) (preloaded format=pdflatex 2020.6.10)  14 JUN 2020 12:41
entering extended mode
 restricted \write18 enabled.
 %&-line parsing enabled.
**report_finalG20.tex
(./report_finalG20.tex
LaTeX2e <2016/02/01>
Babel <3.9q> and hyphenation patterns for 81 language(s) loaded.
(/usr/share/texlive/texmf-dist/tex/latex/base/article.cls
Document Class: article 2014/09/29 v1.4h Standard LaTeX document class
(/usr/share/texlive/texmf-dist/tex/latex/base/size10.clo
File: size10.clo 2014/09/29 v1.4h Standard LaTeX file (size option)
)
\c@part=\count79
\c@section=\count80
\c@subsection=\count81
\c@subsubsection=\count82
\c@paragraph=\count83
\c@subparagraph=\count84
\c@figure=\count85
\c@table=\count86
\abovecaptionskip=\skip41
\belowcaptionskip=\skip42
\bibindent=\dimen102
) (./cvpr.sty
(./eso-pic.sty
Package: eso-pic 2002/11/16 v1.1b eso-pic (RN)
 (./cvpr_eso.sty

LaTeX Warning: You have requested package `eso-pic',
               but the package provides `everyshi'.

Package: everyshi 2001/05/15 v3.00 EveryShipout Package (MS)
) (/usr/share/texlive/texmf-dist/tex/latex/graphics/keyval.sty
Package: keyval 2014/10/28 v1.15 key=value parser (DPC)
\KV@toks@=\toks14
))
(/usr/share/texlive/texmf-dist/tex/latex/tools/xspace.sty
Package: xspace 2014/10/28 v1.13 Space after command names (DPC,MH)
)
CVPR 8.5 x 11-Inch Proceedings Style `cvpr.sty'.
\@ctmp=\skip43
\@figindent=\skip44
\cvprrulerbox=\box26
\cvprrulercount=\count87
\cvprruleroffset=\dimen103
\cv@lineheight=\dimen104
\cv@boxheight=\dimen105
\cv@tmpbox=\box27
\cv@refno=\count88
\cv@tot=\count89
\cv@tmpc@=\count90
\cv@tmpc=\count91
) (/usr/share/texlive/texmf-dist/tex/latex/psnfss/times.sty
Package: times 2005/04/12 PSNFSS-v9.2a (SPQR) 
)
(/usr/share/texlive/texmf-dist/tex/latex/graphics/epsfig.sty
Package: epsfig 1999/02/16 v1.7a (e)psfig emulation (SPQR)

(/usr/share/texlive/texmf-dist/tex/latex/graphics/graphicx.sty
Package: graphicx 2014/10/28 v1.0g Enhanced LaTeX Graphics (DPC,SPQR)

(/usr/share/texlive/texmf-dist/tex/latex/graphics/graphics.sty
Package: graphics 2016/01/03 v1.0q Standard LaTeX Graphics (DPC,SPQR)

(/usr/share/texlive/texmf-dist/tex/latex/graphics/trig.sty
Package: trig 2016/01/03 v1.10 sin cos tan (DPC)
)
(/usr/share/texlive/texmf-dist/tex/latex/latexconfig/graphics.cfg
File: graphics.cfg 2010/04/23 v1.9 graphics configuration of TeX Live
)
Package graphics Info: Driver file: pdftex.def on input line 95.

(/usr/share/texlive/texmf-dist/tex/latex/pdftex-def/pdftex.def
File: pdftex.def 2011/05/27 v0.06d Graphics/color for pdfTeX

(/usr/share/texlive/texmf-dist/tex/generic/oberdiek/infwarerr.sty
Package: infwarerr 2010/04/08 v1.3 Providing info/warning/error messages (HO)
)
(/usr/share/texlive/texmf-dist/tex/generic/oberdiek/ltxcmds.sty
Package: ltxcmds 2011/11/09 v1.22 LaTeX kernel commands for general use (HO)
)
\Gread@gobject=\count92
))
\Gin@req@height=\dimen106
\Gin@req@width=\dimen107
)
\epsfxsize=\dimen108
\epsfysize=\dimen109
)
(/usr/share/texlive/texmf-dist/tex/latex/amsmath/amsmath.sty
Package: amsmath 2016/03/03 v2.15a AMS math features
\@mathmargin=\skip45

For additional information on amsmath, use the `?' option.
(/usr/share/texlive/texmf-dist/tex/latex/amsmath/amstext.sty
Package: amstext 2000/06/29 v2.01 AMS text

(/usr/share/texlive/texmf-dist/tex/latex/amsmath/amsgen.sty
File: amsgen.sty 1999/11/30 v2.0 generic functions
\@emptytoks=\toks15
\ex@=\dimen110
))
(/usr/share/texlive/texmf-dist/tex/latex/amsmath/amsbsy.sty
Package: amsbsy 1999/11/29 v1.2d Bold Symbols
\pmbraise@=\dimen111
)
(/usr/share/texlive/texmf-dist/tex/latex/amsmath/amsopn.sty
Package: amsopn 1999/12/14 v2.01 operator names
)
\inf@bad=\count93
LaTeX Info: Redefining \frac on input line 199.
\uproot@=\count94
\leftroot@=\count95
LaTeX Info: Redefining \overline on input line 297.
\classnum@=\count96
\DOTSCASE@=\count97
LaTeX Info: Redefining \ldots on input line 394.
LaTeX Info: Redefining \dots on input line 397.
LaTeX Info: Redefining \cdots on input line 518.
\Mathstrutbox@=\box28
\strutbox@=\box29
\big@size=\dimen112
LaTeX Font Info:    Redeclaring font encoding OML on input line 630.
LaTeX Font Info:    Redeclaring font encoding OMS on input line 631.
\macc@depth=\count98
\c@MaxMatrixCols=\count99
\dotsspace@=\muskip10
\c@parentequation=\count100
\dspbrk@lvl=\count101
\tag@help=\toks16
\row@=\count102
\column@=\count103
\maxfields@=\count104
\andhelp@=\toks17
\eqnshift@=\dimen113
\alignsep@=\dimen114
\tagshift@=\dimen115
\tagwidth@=\dimen116
\totwidth@=\dimen117
\lineht@=\dimen118
\@envbody=\toks18
\multlinegap=\skip46
\multlinetaggap=\skip47
\mathdisplay@stack=\toks19
LaTeX Info: Redefining \[ on input line 2735.
LaTeX Info: Redefining \] on input line 2736.
)
(/usr/share/texlive/texmf-dist/tex/latex/amsfonts/amssymb.sty
Package: amssymb 2013/01/14 v3.01 AMS font symbols

(/usr/share/texlive/texmf-dist/tex/latex/amsfonts/amsfonts.sty
Package: amsfonts 2013/01/14 v3.01 Basic AMSFonts support
\symAMSa=\mathgroup4
\symAMSb=\mathgroup5
LaTeX Font Info:    Overwriting math alphabet `\mathfrak' in version `bold'
(Font)                  U/euf/m/n --> U/euf/b/n on input line 106.
))
(/usr/share/texlive/texmf-dist/tex/latex/subfig/subfig.sty
Package: subfig 2005/06/28 ver: 1.3 subfig package

(/usr/share/texlive/texmf-dist/tex/latex/caption/caption.sty
Package: caption 2016/02/21 v3.3-144 Customizing captions (AR)

(/usr/share/texlive/texmf-dist/tex/latex/caption/caption3.sty
Package: caption3 2016/02/04 v1.7-139 caption3 kernel (AR)
Package caption3 Info: TeX engine: e-TeX on input line 67.
\captionmargin=\dimen119
\captionmargin@=\dimen120
\captionwidth=\dimen121
\caption@tempdima=\dimen122
\caption@indent=\dimen123
\caption@parindent=\dimen124
\caption@hangindent=\dimen125
Package caption Info: Unknown document class (or package),
(caption)             standard defaults will be used.
)

Package caption Warning: Unsupported document class (or package) detected,
(caption)                usage of the caption package is not recommended.
See the caption package documentation for explanation.

Package caption Info: \@makecaption = \long macro:#1#2-> \setbox \@tempboxa \hb
ox {\small \noindent #1.~#2} \setlength {\@ctmp }{\hsize } \addtolength {\@ctmp
 }{-\@figindent }\addtolength {\@ctmp }{-\@figindent } \ifdim \wd \@tempboxa >\
@ctmp {\small #1.~#2\par } \else \hbox to\hsize {\hfil \box \@tempboxa \hfil } 
\fi .
\c@ContinuedFloat=\count105
)
\c@KVtest=\count106
\sf@farskip=\skip48
\sf@captopadj=\dimen126
\sf@capskip=\skip49
\sf@nearskip=\skip50
\c@subfigure=\count107
\c@subfigure@save=\count108
\c@lofdepth=\count109
\c@subtable=\count110
\c@subtable@save=\count111
\c@lotdepth=\count112
\sf@top=\skip51
\sf@bottom=\skip52
) (/usr/share/texlive/texmf-dist/tex/latex/float/float.sty
Package: float 2001/11/08 v1.3d Float enhancements (AL)
\c@float@type=\count113
\float@exts=\toks20
\float@box=\box30
\@float@everytoks=\toks21
\@floatcapt=\box31
)
(/usr/share/texlive/texmf-dist/tex/latex/hyperref/hyperref.sty
Package: hyperref 2012/11/06 v6.83m Hypertext links for LaTeX

(/usr/share/texlive/texmf-dist/tex/generic/oberdiek/hobsub-hyperref.sty
Package: hobsub-hyperref 2012/05/28 v1.13 Bundle oberdiek, subset hyperref (HO)


(/usr/share/texlive/texmf-dist/tex/generic/oberdiek/hobsub-generic.sty
Package: hobsub-generic 2012/05/28 v1.13 Bundle oberdiek, subset generic (HO)
Package: hobsub 2012/05/28 v1.13 Construct package bundles (HO)
Package hobsub Info: Skipping package `infwarerr' (already loaded).
Package hobsub Info: Skipping package `ltxcmds' (already loaded).
Package: ifluatex 2010/03/01 v1.3 Provides the ifluatex switch (HO)
Package ifluatex Info: LuaTeX not detected.
Package: ifvtex 2010/03/01 v1.5 Detect VTeX and its facilities (HO)
Package ifvtex Info: VTeX not detected.
Package: intcalc 2007/09/27 v1.1 Expandable calculations with integers (HO)
Package: ifpdf 2011/01/30 v2.3 Provides the ifpdf switch (HO)
Package ifpdf Info: pdfTeX in PDF mode is detected.
Package: etexcmds 2011/02/16 v1.5 Avoid name clashes with e-TeX commands (HO)
Package etexcmds Info: Could not find \expanded.
(etexcmds)             That can mean that you are not using pdfTeX 1.50 or
(etexcmds)             that some package has redefined \expanded.
(etexcmds)             In the latter case, load this package earlier.
Package: kvsetkeys 2012/04/25 v1.16 Key value parser (HO)
Package: kvdefinekeys 2011/04/07 v1.3 Define keys (HO)
Package: pdftexcmds 2011/11/29 v0.20 Utility functions of pdfTeX for LuaTeX (HO
)
Package pdftexcmds Info: LuaTeX not detected.
Package pdftexcmds Info: \pdf@primitive is available.
Package pdftexcmds Info: \pdf@ifprimitive is available.
Package pdftexcmds Info: \pdfdraftmode found.
Package: pdfescape 2011/11/25 v1.13 Implements pdfTeX's escape features (HO)
Package: bigintcalc 2012/04/08 v1.3 Expandable calculations on big integers (HO
)
Package: bitset 2011/01/30 v1.1 Handle bit-vector datatype (HO)
Package: uniquecounter 2011/01/30 v1.2 Provide unlimited unique counter (HO)
)
Package hobsub Info: Skipping package `hobsub' (already loaded).
Package: letltxmacro 2010/09/02 v1.4 Let assignment for LaTeX macros (HO)
Package: hopatch 2012/05/28 v1.2 Wrapper for package hooks (HO)
Package: xcolor-patch 2011/01/30 xcolor patch
Package: atveryend 2011/06/30 v1.8 Hooks at the very end of document (HO)
Package atveryend Info: \enddocument detected (standard20110627).
Package: atbegshi 2011/10/05 v1.16 At begin shipout hook (HO)
Package: refcount 2011/10/16 v3.4 Data extraction from label references (HO)
Package: hycolor 2011/01/30 v1.7 Color options for hyperref/bookmark (HO)
)
(/usr/share/texlive/texmf-dist/tex/generic/ifxetex/ifxetex.sty
Package: ifxetex 2010/09/12 v0.6 Provides ifxetex conditional
)
(/usr/share/texlive/texmf-dist/tex/latex/oberdiek/auxhook.sty
Package: auxhook 2011/03/04 v1.3 Hooks for auxiliary files (HO)
)
(/usr/share/texlive/texmf-dist/tex/latex/oberdiek/kvoptions.sty
Package: kvoptions 2011/06/30 v3.11 Key value format for package options (HO)
)
\@linkdim=\dimen127
\Hy@linkcounter=\count114
\Hy@pagecounter=\count115

(/usr/share/texlive/texmf-dist/tex/latex/hyperref/pd1enc.def
File: pd1enc.def 2012/11/06 v6.83m Hyperref: PDFDocEncoding definition (HO)
)
\Hy@SavedSpaceFactor=\count116

(/usr/share/texlive/texmf-dist/tex/latex/latexconfig/hyperref.cfg
File: hyperref.cfg 2002/06/06 v1.2 hyperref configuration of TeXLive
)
Package hyperref Info: Option `breaklinks' set `true' on input line 4319.
Package hyperref Info: Option `bookmarks' set `false' on input line 4319.
Package hyperref Info: Hyper figures OFF on input line 4443.
Package hyperref Info: Link nesting OFF on input line 4448.
Package hyperref Info: Hyper index ON on input line 4451.
Package hyperref Info: Plain pages OFF on input line 4458.
Package hyperref Info: Backreferencing OFF on input line 4463.
Package hyperref Info: Implicit mode ON; LaTeX internals redefined.
Package hyperref Info: Bookmarks OFF on input line 4694.
\c@Hy@tempcnt=\count117

(/usr/share/texlive/texmf-dist/tex/latex/url/url.sty
\Urlmuskip=\muskip11
Package: url 2013/09/16  ver 3.4  Verb mode for urls, etc.
)
LaTeX Info: Redefining \url on input line 5041.
\XeTeXLinkMargin=\dimen128
\Fld@menulength=\count118
\Field@Width=\dimen129
\Fld@charsize=\dimen130
Package hyperref Info: Hyper figures OFF on input line 6295.
Package hyperref Info: Link nesting OFF on input line 6300.
Package hyperref Info: Hyper index ON on input line 6303.
Package hyperref Info: backreferencing OFF on input line 6310.
Package hyperref Info: Link coloring OFF on input line 6315.
Package hyperref Info: Link coloring with OCG OFF on input line 6320.
Package hyperref Info: PDF/A mode OFF on input line 6325.
LaTeX Info: Redefining \ref on input line 6365.
LaTeX Info: Redefining \pageref on input line 6369.
\Hy@abspage=\count119
\c@Item=\count120
\c@Hfootnote=\count121
)

Package hyperref Message: Driver (autodetected): hpdftex.

(/usr/share/texlive/texmf-dist/tex/latex/hyperref/hpdftex.def
File: hpdftex.def 2012/11/06 v6.83m Hyperref driver for pdfTeX
\Fld@listcount=\count122
\c@bookmark@seq@number=\count123

(/usr/share/texlive/texmf-dist/tex/latex/oberdiek/rerunfilecheck.sty
Package: rerunfilecheck 2011/04/15 v1.7 Rerun checks for auxiliary files (HO)
Package uniquecounter Info: New unique counter `rerunfilecheck' on input line 2
82.
)
\Hy@SectionHShift=\skip53
)
(./report_finalG20.aux

LaTeX Warning: Label `fig:foobar' multiply defined.


LaTeX Warning: Label `fig:long' multiply defined.


LaTeX Warning: Label `fig:onecol' multiply defined.


LaTeX Warning: Label `fig:long' multiply defined.


LaTeX Warning: Label `fig:onecol' multiply defined.


LaTeX Warning: Label `fig:foobar' multiply defined.


LaTeX Warning: Label `fig:foobar' multiply defined.


LaTeX Warning: Label `fig:long' multiply defined.


LaTeX Warning: Label `fig:onecol' multiply defined.

)
\openout1 = `report_finalG20.aux'.

LaTeX Font Info:    Checking defaults for OML/cmm/m/it on input line 27.
LaTeX Font Info:    ... okay on input line 27.
LaTeX Font Info:    Checking defaults for T1/cmr/m/n on input line 27.
LaTeX Font Info:    ... okay on input line 27.
LaTeX Font Info:    Checking defaults for OT1/cmr/m/n on input line 27.
LaTeX Font Info:    ... okay on input line 27.
LaTeX Font Info:    Checking defaults for OMS/cmsy/m/n on input line 27.
LaTeX Font Info:    ... okay on input line 27.
LaTeX Font Info:    Checking defaults for OMX/cmex/m/n on input line 27.
LaTeX Font Info:    ... okay on input line 27.
LaTeX Font Info:    Checking defaults for U/cmr/m/n on input line 27.
LaTeX Font Info:    ... okay on input line 27.
LaTeX Font Info:    Checking defaults for PD1/pdf/m/n on input line 27.
LaTeX Font Info:    ... okay on input line 27.
LaTeX Font Info:    Try loading font information for OT1+ptm on input line 27.
 (/usr/share/texlive/texmf-dist/tex/latex/psnfss/ot1ptm.fd
File: ot1ptm.fd 2001/06/04 font definitions for OT1/ptm.
)
ABD: EveryShipout initializing macros
(/usr/share/texlive/texmf-dist/tex/latex/graphics/color.sty
Package: color 2016/01/03 v1.1b Standard LaTeX Color (DPC)

(/usr/share/texlive/texmf-dist/tex/latex/latexconfig/color.cfg
File: color.cfg 2007/01/18 v1.5 color configuration of teTeX/TeXLive
)
Package color Info: Driver file: pdftex.def on input line 143.
)
(/usr/share/texlive/texmf-dist/tex/context/base/supp-pdf.mkii
[Loading MPS to PDF converter (version 2006.09.02).]
\scratchcounter=\count124
\scratchdimen=\dimen131
\scratchbox=\box32
\nofMPsegments=\count125
\nofMParguments=\count126
\everyMPshowfont=\toks22
\MPscratchCnt=\count127
\MPscratchDim=\dimen132
\MPnumerator=\count128
\makeMPintoPDFobject=\count129
\everyMPtoPDFconversion=\toks23
) (/usr/share/texlive/texmf-dist/tex/latex/oberdiek/epstopdf-base.sty
Package: epstopdf-base 2010/02/09 v2.5 Base part for package epstopdf

(/usr/share/texlive/texmf-dist/tex/latex/oberdiek/grfext.sty
Package: grfext 2010/08/19 v1.1 Manage graphics extensions (HO)
)
Package grfext Info: Graphics extension search list:
(grfext)             [.png,.pdf,.jpg,.mps,.jpeg,.jbig2,.jb2,.PNG,.PDF,.JPG,.JPE
G,.JBIG2,.JB2,.eps]
(grfext)             \AppendGraphicsExtensions on input line 452.

(/usr/share/texlive/texmf-dist/tex/latex/latexconfig/epstopdf-sys.cfg
File: epstopdf-sys.cfg 2010/07/13 v1.3 Configuration of (r)epstopdf for TeX Liv
e
))
Package caption Info: Begin \AtBeginDocument code.
Package caption Info: subfig package v1.3 is loaded.
Package caption Info: float package is loaded.
Package caption Info: hyperref package is loaded.
Package caption Info: End \AtBeginDocument code.
\AtBeginShipoutBox=\box33
Package atbegshi Info: Package `everyshi' patched.
Package hyperref Info: Link coloring OFF on input line 27.

(/usr/share/texlive/texmf-dist/tex/latex/hyperref/nameref.sty
Package: nameref 2012/10/27 v2.43 Cross-referencing by name of section

(/usr/share/texlive/texmf-dist/tex/generic/oberdiek/gettitlestring.sty
Package: gettitlestring 2010/12/03 v1.4 Cleanup title references (HO)
)
\c@section@level=\count130
)
LaTeX Info: Redefining \ref on input line 27.
LaTeX Info: Redefining \pageref on input line 27.
LaTeX Info: Redefining \nameref on input line 27.
LaTeX Font Info:    Font shape `OT1/ptm/bx/n' in size <14.4> not available
(Font)              Font shape `OT1/ptm/b/n' tried instead on input line 56.
LaTeX Font Info:    Try loading font information for U+msa on input line 56.

(/usr/share/texlive/texmf-dist/tex/latex/amsfonts/umsa.fd
File: umsa.fd 2013/01/14 v3.01 AMS symbols A
)
LaTeX Font Info:    Try loading font information for U+msb on input line 56.

(/usr/share/texlive/texmf-dist/tex/latex/amsfonts/umsb.fd
File: umsb.fd 2013/01/14 v3.01 AMS symbols B
)
LaTeX Font Info:    Try loading font information for OT1+pcr on input line 56.

(/usr/share/texlive/texmf-dist/tex/latex/psnfss/ot1pcr.fd
File: ot1pcr.fd 2001/06/04 font definitions for OT1/pcr.
)
LaTeX Font Info:    Font shape `OT1/ptm/bx/n' in size <12> not available
(Font)              Font shape `OT1/ptm/b/n' tried instead on input line 58.
LaTeX Font Info:    Font shape `OT1/ptm/bx/n' in size <10> not available
(Font)              Font shape `OT1/ptm/b/n' tried instead on input line 104.


LaTeX Warning: Citation `yolov3' on page 1 undefined on input line 104.

[1{/var/lib/texmf/fonts/map/pdftex/updmap/pdftex.map}


]
Underfull \hbox (badness 10000) in paragraph at lines 148--150
[]\OT1/ptm/m/n/10 We then pro-pose an op-tional op-ti-miza-tion,
 []


Underfull \hbox (badness 10000) in paragraph at lines 148--150
\OT1/ptm/m/n/10 named \OT1/ptm/b/n/10 otsu[]optimization \OT1/ptm/m/n/10 and ac
-ti-vated with the
 []

<frame.jpg, id=17, 769.6755pt x 434.22224pt>
File: frame.jpg Graphic file (type jpg)
 <use frame.jpg>
Package pdftex.def Info: frame.jpg used on input line 159.
(pdftex.def)             Requested size: 118.56796pt x 66.88632pt.

<canny_out.jpg, id=18, 768.471pt x 425.1885pt>
File: canny_out.jpg Graphic file (type jpg)
 <use canny_out.jpg>
Package pdftex.def Info: canny_out.jpg used on input line 160.
(pdftex.def)             Requested size: 118.56796pt x 65.5986pt.

<closing_canny.jpg, id=19, 772.0845pt x 459.51675pt>
File: closing_canny.jpg Graphic file (type jpg)
 <use closing_canny.jpg>
Package pdftex.def Info: closing_canny.jpg used on input line 161.
(pdftex.def)             Requested size: 118.56796pt x 70.56526pt.

<connected_components.jpg, id=20, 769.6755pt x 425.79076pt>
File: connected_components.jpg Graphic file (type jpg)

<use connected_components.jpg>
Package pdftex.def Info: connected_components.jpg used on input line 162.
(pdftex.def)             Requested size: 118.56796pt x 65.58757pt.

<components_rois.jpg, id=21, 770.88pt x 447.47176pt>
File: components_rois.jpg Graphic file (type jpg)
 <use components_rois.jpg>
Package pdftex.def Info: components_rois.jpg used on input line 163.
(pdftex.def)             Requested size: 118.56796pt x 68.82483pt.

<relevant_rois.jpg, id=22, 771.48225pt x 432.4155pt>
File: relevant_rois.jpg Graphic file (type jpg)
 <use relevant_rois.jpg>
Package pdftex.def Info: relevant_rois.jpg used on input line 164.
(pdftex.def)             Requested size: 118.56796pt x 66.45627pt.

Underfull \vbox (badness 3668) has occurred while \output is active []

 [2 <./frame.jpg> <./canny_out.jpg> <./closing_canny.jpg> <./connected_componen
ts.jpg> <./components_rois.jpg> <./relevant_rois.jpg>]
Underfull \hbox (badness 10000) in paragraph at lines 199--202
[]\OT1/ptm/m/n/10 Using Adam op-ti-mizer with \OT1/pcr/m/n/10 Non Maxima
 []


Underfull \hbox (badness 10000) in paragraph at lines 199--202
\OT1/pcr/m/n/10 Suppression \OT1/ptm/m/n/10 value of 0.4, \OT1/pcr/m/n/10 Confi
dence
 []

<4720_Frame560_noOtsu_bad.jpg, id=44, 755.82375pt x 434.22224pt>
File: 4720_Frame560_noOtsu_bad.jpg Graphic file (type jpg)

<use 4720_Frame560_noOtsu_bad.jpg>
Package pdftex.def Info: 4720_Frame560_noOtsu_bad.jpg used on input line 218.
(pdftex.def)             Requested size: 248.42812pt x 142.72397pt.

<4720_Frame560_yesOtsu_good.jpg, id=45, 769.6755pt x 434.22224pt>
File: 4720_Frame560_yesOtsu_good.jpg Graphic file (type jpg)

<use 4720_Frame560_yesOtsu_good.jpg>
Package pdftex.def Info: 4720_Frame560_yesOtsu_good.jpg used on input line 219.

(pdftex.def)             Requested size: 248.42812pt x 140.1532pt.

<4720_Frame260_noOtsu_Good.jpg, id=46, 765.45975pt x 435.42674pt>
File: 4720_Frame260_noOtsu_Good.jpg Graphic file (type jpg)

<use 4720_Frame260_noOtsu_Good.jpg>
Package pdftex.def Info: 4720_Frame260_noOtsu_Good.jpg used on input line 220.
(pdftex.def)             Requested size: 248.42812pt x 141.31268pt.

<4720_Frame260_yesOtsu_bad.jpg, id=47, 769.07326pt x 434.8245pt>
File: 4720_Frame260_yesOtsu_bad.jpg Graphic file (type jpg)

<use 4720_Frame260_yesOtsu_bad.jpg>
Package pdftex.def Info: 4720_Frame260_yesOtsu_bad.jpg used on input line 221.
(pdftex.def)             Requested size: 248.42812pt x 140.45374pt.

<good_segm_det_frame_20.jpg, id=48, 964.8045pt x 542.025pt>
File: good_segm_det_frame_20.jpg Graphic file (type jpg)

<use good_segm_det_frame_20.jpg>
Package pdftex.def Info: good_segm_det_frame_20.jpg used on input line 229.
(pdftex.def)             Requested size: 248.42812pt x 139.56679pt.
Package epstopdf Info: Source file: <loss_x.eps>
(epstopdf)                    date: 2020-06-13 13:03:32
(epstopdf)                    size: 113028 bytes
(epstopdf)             Output file: <loss_x-eps-converted-to.pdf>
(epstopdf)                    date: 2020-06-13 13:03:32
(epstopdf)                    size: 59399 bytes
(epstopdf)             Command: <repstopdf --outfile=loss_x-eps-converted-to.pd
f loss_x.eps>
(epstopdf)             \includegraphics on input line 236.
Package epstopdf Info: Output file is already uptodate.


pdfTeX warning: /usr/bin/pdflatex (file ./loss_x-eps-converted-to.pdf): PDF inc
lusion: found PDF version <1.7>, but at most version <1.5> allowed
<loss_x-eps-converted-to.pdf, id=49, 455.7025pt x 255.95625pt>
File: loss_x-eps-converted-to.pdf Graphic file (type pdf)

<use loss_x-eps-converted-to.pdf>
Package pdftex.def Info: loss_x-eps-converted-to.pdf used on input line 236.
(pdftex.def)             Requested size: 118.56796pt x 66.59392pt.
Package epstopdf Info: Source file: <loss_y.eps>
(epstopdf)                    date: 2020-06-13 13:03:32
(epstopdf)                    size: 113239 bytes
(epstopdf)             Output file: <loss_y-eps-converted-to.pdf>
(epstopdf)                    date: 2020-06-13 13:03:32
(epstopdf)                    size: 59413 bytes
(epstopdf)             Command: <repstopdf --outfile=loss_y-eps-converted-to.pd
f loss_y.eps>
(epstopdf)             \includegraphics on input line 237.
Package epstopdf Info: Output file is already uptodate.


pdfTeX warning: /usr/bin/pdflatex (file ./loss_y-eps-converted-to.pdf): PDF inc
lusion: found PDF version <1.7>, but at most version <1.5> allowed
<loss_y-eps-converted-to.pdf, id=50, 455.7025pt x 255.95625pt>
File: loss_y-eps-converted-to.pdf Graphic file (type pdf)

<use loss_y-eps-converted-to.pdf>
Package pdftex.def Info: loss_y-eps-converted-to.pdf used on input line 237.
(pdftex.def)             Requested size: 118.56796pt x 66.59392pt.
Package epstopdf Info: Source file: <loss_width.eps>
(epstopdf)                    date: 2020-06-13 13:03:32
(epstopdf)                    size: 122370 bytes
(epstopdf)             Output file: <loss_width-eps-converted-to.pdf>
(epstopdf)                    date: 2020-06-13 13:03:32
(epstopdf)                    size: 63764 bytes
(epstopdf)             Command: <repstopdf --outfile=loss_width-eps-converted-t
o.pdf loss_width.eps>
(epstopdf)             \includegraphics on input line 238.
Package epstopdf Info: Output file is already uptodate.


pdfTeX warning: /usr/bin/pdflatex (file ./loss_width-eps-converted-to.pdf): PDF
 inclusion: found PDF version <1.7>, but at most version <1.5> allowed
<loss_width-eps-converted-to.pdf, id=51, 455.7025pt x 255.95625pt>
File: loss_width-eps-converted-to.pdf Graphic file (type pdf)

<use loss_width-eps-converted-to.pdf>
Package pdftex.def Info: loss_width-eps-converted-to.pdf used on input line 238
.
(pdftex.def)             Requested size: 118.56796pt x 66.59392pt.
Package epstopdf Info: Source file: <loss_height.eps>
(epstopdf)                    date: 2020-06-13 13:03:32
(epstopdf)                    size: 123242 bytes
(epstopdf)             Output file: <loss_height-eps-converted-to.pdf>
(epstopdf)                    date: 2020-06-13 13:03:32
(epstopdf)                    size: 63788 bytes
(epstopdf)             Command: <repstopdf --outfile=loss_height-eps-converted-
to.pdf loss_height.eps>
(epstopdf)             \includegraphics on input line 239.
Package epstopdf Info: Output file is already uptodate.


pdfTeX warning: /usr/bin/pdflatex (file ./loss_height-eps-converted-to.pdf): PD
F inclusion: found PDF version <1.7>, but at most version <1.5> allowed
<loss_height-eps-converted-to.pdf, id=52, 455.7025pt x 255.95625pt>
File: loss_height-eps-converted-to.pdf Graphic file (type pdf)

<use loss_height-eps-converted-to.pdf>
Package pdftex.def Info: loss_height-eps-converted-to.pdf used on input line 23
9.
(pdftex.def)             Requested size: 118.56796pt x 66.59392pt.
Package epstopdf Info: Source file: <loss_conf.eps>
(epstopdf)                    date: 2020-06-13 13:03:32
(epstopdf)                    size: 116719 bytes
(epstopdf)             Output file: <loss_conf-eps-converted-to.pdf>
(epstopdf)                    date: 2020-06-13 13:03:32
(epstopdf)                    size: 60006 bytes
(epstopdf)             Command: <repstopdf --outfile=loss_conf-eps-converted-to
.pdf loss_conf.eps>
(epstopdf)             \includegraphics on input line 246.
Package epstopdf Info: Output file is already uptodate.


pdfTeX warning: /usr/bin/pdflatex (file ./loss_conf-eps-converted-to.pdf): PDF 
inclusion: found PDF version <1.7>, but at most version <1.5> allowed
<loss_conf-eps-converted-to.pdf, id=53, 455.7025pt x 255.95625pt>
File: loss_conf-eps-converted-to.pdf Graphic file (type pdf)

<use loss_conf-eps-converted-to.pdf>
Package pdftex.def Info: loss_conf-eps-converted-to.pdf used on input line 246.

(pdftex.def)             Requested size: 237.13594pt x 133.19565pt.
Package epstopdf Info: Source file: <loss_class.eps>
(epstopdf)                    date: 2020-06-13 13:03:32
(epstopdf)                    size: 111123 bytes
(epstopdf)             Output file: <loss_class-eps-converted-to.pdf>
(epstopdf)                    date: 2020-06-13 13:03:32
(epstopdf)                    size: 57309 bytes
(epstopdf)             Command: <repstopdf --outfile=loss_class-eps-converted-t
o.pdf loss_class.eps>
(epstopdf)             \includegraphics on input line 256.
Package epstopdf Info: Output file is already uptodate.


pdfTeX warning: /usr/bin/pdflatex (file ./loss_class-eps-converted-to.pdf): PDF
 inclusion: found PDF version <1.7>, but at most version <1.5> allowed
<loss_class-eps-converted-to.pdf, id=54, 455.7025pt x 255.95625pt>
File: loss_class-eps-converted-to.pdf Graphic file (type pdf)

<use loss_class-eps-converted-to.pdf>
Package pdftex.def Info: loss_class-eps-converted-to.pdf used on input line 256
.
(pdftex.def)             Requested size: 237.13594pt x 133.19565pt.
Package epstopdf Info: Source file: <loss_total.eps>
(epstopdf)                    date: 2020-06-13 13:03:32
(epstopdf)                    size: 103503 bytes
(epstopdf)             Output file: <loss_total-eps-converted-to.pdf>
(epstopdf)                    date: 2020-06-13 13:03:32
(epstopdf)                    size: 54428 bytes
(epstopdf)             Command: <repstopdf --outfile=loss_total-eps-converted-t
o.pdf loss_total.eps>
(epstopdf)             \includegraphics on input line 265.
Package epstopdf Info: Output file is already uptodate.


pdfTeX warning: /usr/bin/pdflatex (file ./loss_total-eps-converted-to.pdf): PDF
 inclusion: found PDF version <1.7>, but at most version <1.5> allowed
<loss_total-eps-converted-to.pdf, id=55, 455.7025pt x 255.95625pt>
File: loss_total-eps-converted-to.pdf Graphic file (type pdf)

<use loss_total-eps-converted-to.pdf>
Package pdftex.def Info: loss_total-eps-converted-to.pdf used on input line 265
.
(pdftex.def)             Requested size: 237.13594pt x 133.19565pt.
Package epstopdf Info: Source file: <recall.eps>
(epstopdf)                    date: 2020-06-13 13:03:32
(epstopdf)                    size: 115177 bytes
(epstopdf)             Output file: <recall-eps-converted-to.pdf>
(epstopdf)                    date: 2020-06-13 13:03:32
(epstopdf)                    size: 59288 bytes
(epstopdf)             Command: <repstopdf --outfile=recall-eps-converted-to.pd
f recall.eps>
(epstopdf)             \includegraphics on input line 275.
Package epstopdf Info: Output file is already uptodate.


pdfTeX warning: /usr/bin/pdflatex (file ./recall-eps-converted-to.pdf): PDF inc
lusion: found PDF version <1.7>, but at most version <1.5> allowed
<recall-eps-converted-to.pdf, id=56, 455.7025pt x 255.95625pt>
File: recall-eps-converted-to.pdf Graphic file (type pdf)

<use recall-eps-converted-to.pdf>
Package pdftex.def Info: recall-eps-converted-to.pdf used on input line 275.
(pdftex.def)             Requested size: 118.56796pt x 66.59392pt.
Package epstopdf Info: Source file: <precision.eps>
(epstopdf)                    date: 2020-06-13 13:03:32
(epstopdf)                    size: 119066 bytes
(epstopdf)             Output file: <precision-eps-converted-to.pdf>
(epstopdf)                    date: 2020-06-13 13:03:32
(epstopdf)                    size: 60793 bytes
(epstopdf)             Command: <repstopdf --outfile=precision-eps-converted-to
.pdf precision.eps>
(epstopdf)             \includegraphics on input line 276.
Package epstopdf Info: Output file is already uptodate.


pdfTeX warning: /usr/bin/pdflatex (file ./precision-eps-converted-to.pdf): PDF 
inclusion: found PDF version <1.7>, but at most version <1.5> allowed
<precision-eps-converted-to.pdf, id=57, 455.7025pt x 255.95625pt>
File: precision-eps-converted-to.pdf Graphic file (type pdf)

<use precision-eps-converted-to.pdf>
Package pdftex.def Info: precision-eps-converted-to.pdf used on input line 276.

(pdftex.def)             Requested size: 118.56796pt x 66.59392pt.
Missing character: There is no Ã in font ptmr7t!
Missing character: There is no ¹ in font ptmr7t!
 [3]
Underfull \vbox (badness 2343) has occurred while \output is active []

 [4 <./4720_Frame560_noOtsu_bad.jpg> <./4720_Frame560_yesOtsu_good.jpg> <./4720
_Frame260_noOtsu_Good.jpg> <./4720_Frame260_yesOtsu_bad.jpg> <./good_segm_det_f
rame_20.jpg>]

LaTeX Warning: Citation `Authors14' on page 5 undefined on input line 401.

[5 <./loss_x-eps-converted-to.pdf> <./loss_y-eps-converted-to.pdf> <./loss_widt
h-eps-converted-to.pdf> <./loss_height-eps-converted-to.pdf> <./loss_conf-eps-c
onverted-to.pdf> <./loss_class-eps-converted-to.pdf> <./loss_total-eps-converte
d-to.pdf> <./recall-eps-converted-to.pdf> <./precision-eps-converted-to.pdf>]

LaTeX Warning: Citation `Authors14b' on page 6 undefined on input line 413.


Underfull \hbox (badness 10000) in paragraph at lines 452--458

 []


LaTeX Warning: Citation `Alpher02' on page 6 undefined on input line 492.


LaTeX Warning: Citation `Alpher03' on page 6 undefined on input line 493.


LaTeX Warning: Citation `Alpher04' on page 6 undefined on input line 493.


LaTeX Warning: Citation `Alpher03' on page 6 undefined on input line 495.


LaTeX Warning: Citation `Alpher03' on page 6 undefined on input line 496.

[6]

LaTeX Warning: Citation `Alpher03' on page 7 undefined on input line 501.


LaTeX Warning: Citation `Alpher02' on page 7 undefined on input line 501.


LaTeX Warning: Citation `Authors14' on page 7 undefined on input line 501.


LaTeX Warning: Citation `Alpher02' on page 7 undefined on input line 502.


LaTeX Warning: Citation `Alpher03' on page 7 undefined on input line 502.


LaTeX Warning: Citation `Authors14' on page 7 undefined on input line 502.


LaTeX Warning: Citation `Authors14' on page 7 undefined on input line 612.

[7]
No file report_finalG20.bbl.
Package atveryend Info: Empty hook `BeforeClearDocument' on input line 674.
[8

]
Package atveryend Info: Empty hook `AfterLastShipout' on input line 674.
 (./report_finalG20.aux)
Package atveryend Info: Executing hook `AtVeryEndDocument' on input line 674.
Package atveryend Info: Empty hook `AtEndAfterFileList' on input line 674.


LaTeX Warning: There were undefined references.


LaTeX Warning: There were multiply-defined labels.

Package atveryend Info: Empty hook `AtVeryVeryEnd' on input line 674.
 ) 
Here is how much of TeX's memory you used:
 7679 strings out of 493029
 115500 string characters out of 6136234
 212303 words of memory out of 5000000
 11021 multiletter control sequences out of 15000+600000
 31288 words of font info for 74 fonts, out of 8000000 for 9000
 1141 hyphenation exceptions out of 8191
 44i,11n,49p,473b,439s stack positions out of 5000i,500n,10000p,200000b,80000s
{/usr/share/texlive/texmf-dist/fonts/enc/dvips/base/8r.enc}</usr/share/texliv
e/texmf-dist/fonts/type1/public/amsfonts/cm/cmmi10.pfb></usr/share/texlive/texm
f-dist/fonts/type1/public/amsfonts/cm/cmmi7.pfb></usr/share/texlive/texmf-dist/
fonts/type1/public/amsfonts/cm/cmr10.pfb></usr/share/texlive/texmf-dist/fonts/t
ype1/public/amsfonts/cm/cmr7.pfb></usr/share/texlive/texmf-dist/fonts/type1/pub
lic/amsfonts/cm/cmsy10.pfb></usr/share/texlive/texmf-dist/fonts/type1/public/am
sfonts/cm/cmti10.pfb></usr/share/texlive/texmf-dist/fonts/type1/urw/courier/ucr
r8a.pfb></usr/share/texlive/texmf-dist/fonts/type1/urw/times/utmb8a.pfb></usr/s
hare/texlive/texmf-dist/fonts/type1/urw/times/utmr8a.pfb></usr/share/texlive/te
xmf-dist/fonts/type1/urw/times/utmri8a.pfb>
Output written on report_finalG20.pdf (8 pages, 2871477 bytes).
PDF statistics:
 198 PDF objects out of 1000 (max. 8388607)
 156 compressed objects within 2 object streams
 66 named destinations out of 1000 (max. 500000)
 101 words of extra memory for PDF output out of 10000 (max. 10000000)

